<?xml version="1.0" encoding="UTF-8"?>
<!-- Generated by org.testng.reporters.JUnitReportReporter -->
<testsuite skipped="0" hostname="DESKTOP-H9MTPEM" name="com.test.demo.LoginCheck" tests="5" failures="0" timestamp="01 Jun 2017 07:53:55 GMT" time="0.024" errors="0">
  <testcase name="user_authenticate" time="0.001" classname="com.test.demo.LoginCheck"/>
  <testcase name="user_authenticate" time="0.001" classname="com.test.demo.LoginCheck"/>
  <testcase name="user_authenticate" time="0.001" classname="com.test.demo.LoginCheck"/>
  <testcase name="user_authenticate" time="0.001" classname="com.test.demo.LoginCheck"/>
  <testcase name="user_authenticate" time="0.020" classname="com.test.demo.LoginCheck"/>
</testsuite> <!-- com.test.demo.LoginCheck -->
